C:\Program Files (x86)\Microsoft Visual Studio\2017\Community\Common7\IDE\VC\VCTargets\Microsoft.CppBuild.targets(387,5): warning MSB8028: The intermediate directory (Debug\) contains files shared from another project (Lab1.vcxproj).  This can lead to incorrect clean and rebuild behavior.
  TheGame.cpp
d:\uni\gp2\graphicsprogramming\graphics\birdsandengines\lab1\thegame.h(85): warning C4305: 'initializing': truncation from 'double' to 'float'
d:\uni\gp2\graphicsprogramming\graphics\birdsandengines\lab1\thegame.cpp(15): warning C4930: 'Sound audio(void)': prototyped function not called (was a variable definition intended?)
d:\uni\gp2\graphicsprogramming\graphics\birdsandengines\lab1\thegame.cpp(113): warning C4244: 'argument': conversion from 'time_t' to 'unsigned int', possible loss of data
d:\uni\gp2\graphicsprogramming\graphics\birdsandengines\lab1\thegame.cpp(208): warning C4305: 'argument': truncation from 'double' to 'float'
d:\uni\gp2\graphicsprogramming\graphics\birdsandengines\lab1\thegame.cpp(247): warning C4305: 'argument': truncation from 'double' to 'float'
d:\uni\gp2\graphicsprogramming\graphics\birdsandengines\lab1\thegame.cpp(279): warning C4305: 'argument': truncation from 'double' to 'float'
d:\uni\gp2\graphicsprogramming\graphics\birdsandengines\lab1\thegame.cpp(630): warning C4305: 'argument': truncation from 'double' to 'float'
d:\uni\gp2\graphicsprogramming\graphics\birdsandengines\lab1\thegame.cpp(631): warning C4305: 'argument': truncation from 'double' to 'float'
d:\uni\gp2\graphicsprogramming\graphics\birdsandengines\lab1\thegame.cpp(632): warning C4305: 'argument': truncation from 'double' to 'float'
d:\uni\gp2\graphicsprogramming\graphics\birdsandengines\lab1\thegame.cpp(633): warning C4305: 'argument': truncation from 'double' to 'float'
d:\uni\gp2\graphicsprogramming\graphics\birdsandengines\lab1\thegame.cpp(638): warning C4305: 'argument': truncation from 'double' to 'float'
d:\uni\gp2\graphicsprogramming\graphics\birdsandengines\lab1\thegame.cpp(639): warning C4305: 'argument': truncation from 'double' to 'float'
d:\uni\gp2\graphicsprogramming\graphics\birdsandengines\lab1\thegame.cpp(640): warning C4305: 'argument': truncation from 'double' to 'float'
d:\uni\gp2\graphicsprogramming\graphics\birdsandengines\lab1\thegame.cpp(641): warning C4305: 'argument': truncation from 'double' to 'float'
d:\uni\gp2\graphicsprogramming\graphics\birdsandengines\lab1\thegame.cpp(645): warning C4305: 'argument': truncation from 'double' to 'float'
d:\uni\gp2\graphicsprogramming\graphics\birdsandengines\lab1\thegame.cpp(646): warning C4305: 'argument': truncation from 'double' to 'float'
d:\uni\gp2\graphicsprogramming\graphics\birdsandengines\lab1\thegame.cpp(647): warning C4305: 'argument': truncation from 'double' to 'float'
d:\uni\gp2\graphicsprogramming\graphics\birdsandengines\lab1\thegame.cpp(651): warning C4305: 'argument': truncation from 'double' to 'float'
d:\uni\gp2\graphicsprogramming\graphics\birdsandengines\lab1\thegame.cpp(652): warning C4305: 'argument': truncation from 'double' to 'float'
d:\uni\gp2\graphicsprogramming\graphics\birdsandengines\lab1\thegame.cpp(656): warning C4305: 'argument': truncation from 'double' to 'float'
  Generating Code...
  Skipping... (no relevant changes detected)
  main.cpp
  Lab1.vcxproj -> D:\Uni\GP2\GraphicsProgramming\Graphics\BirdsAndEngines\Debug\BirdsAndEngines.exe
